<?xml version="1.0" encoding="UTF-8"?>
<!-- Generated by org.testng.reporters.JUnitReportReporter -->
<testsuite hostname="DESKTOP-A3O7GKS" failures="0" tests="1" name="com.inetBanking.testCase.TC_LoginTest_001" time="3.230" errors="0" timestamp="2023-05-03T17:37:35 IST" skipped="0">
  <testcase classname="com.inetBanking.testCase.TC_LoginTest_001" name="loginTest" time="3.230"/>
  <system-out>
    <![CDATA[URl is Opened
Entered USername
Entered Password
Click on submit
log in test passed]]>
  </system-out>
</testsuite> <!-- com.inetBanking.testCase.TC_LoginTest_001 -->
